# JRE version: Java(TM) SE Runtime Environment (8.0_74-b02) (build 1.8.0_74-b02)
# Java VM: Java HotSpot(TM) 64-Bit Server VM (25.74-b02 mixed mode windows-amd64 compressed oops)
Heap:
 PSYoungGen      total 608256K, used 108925K [0x00000000d5580000, 0x0000000100000000, 0x0000000100000000)
  eden space 519680K, 12% used [0x00000000d5580000,0x00000000d92aea60,0x00000000f5100000)
  from space 88576K, 52% used [0x00000000f5100000,0x00000000f7e30d90,0x00000000fa780000)
  to   space 90112K, 0% used [0x00000000fa800000,0x00000000fa800000,0x0000000100000000)
 ParOldGen       total 398848K, used 58600K [0x0000000080000000, 0x0000000098580000, 0x00000000d5580000)
  object space 398848K, 14% used [0x0000000080000000,0x000000008393a048,0x0000000098580000)
 Metaspace       used 90970K, capacity 95506K, committed 96896K, reserved 1134592K
  class space    used 11084K, capacity 11664K, committed 12160K, reserved 1048576K
GC Heap History (10 events):
Event: 5594.387 GC heap before
{Heap before GC invocations=56 (full 16):
 PSYoungGen      total 613888K, used 928K [0x00000000d5580000, 0x0000000100000000, 0x0000000100000000)
  eden space 527360K, 0% used [0x00000000d5580000,0x00000000d5580000,0x00000000f5880000)
  from space 86528K, 1% used [0x00000000fab80000,0x00000000fac68020,0x0000000100000000)
  to   space 84992K, 0% used [0x00000000f5880000,0x00000000f5880000,0x00000000fab80000)
 ParOldGen       total 398848K, used 58016K [0x0000000080000000, 0x0000000098580000, 0x00000000d5580000)
  object space 398848K, 14% used [0x0000000080000000,0x00000000838a8398,0x0000000098580000)
 Metaspace       used 90124K, capacity 94226K, committed 96384K, reserved 1134592K
  class space    used 10985K, capacity 11506K, committed 12160K, reserved 1048576K
Event: 5594.778 GC heap after
Heap after GC invocations=56 (full 16):
 PSYoungGen      total 613888K, used 0K [0x00000000d5580000, 0x0000000100000000, 0x0000000100000000)
  eden space 527360K, 0% used [0x00000000d5580000,0x00000000d5580000,0x00000000f5880000)
  from space 86528K, 0% used [0x00000000fab80000,0x00000000fab80000,0x0000000100000000)
  to   space 84992K, 0% used [0x00000000f5880000,0x00000000f5880000,0x00000000fab80000)
 ParOldGen       total 398848K, used 58287K [0x0000000080000000, 0x0000000098580000, 0x00000000d5580000)
  object space 398848K, 14% used [0x0000000080000000,0x00000000838ebc78,0x0000000098580000)
 Metaspace       used 90124K, capacity 94226K, committed 96384K, reserved 1134592K
  class space    used 10985K, capacity 11506K, committed 12160K, reserved 1048576K
}
Event: 5939.919 GC heap before
{Heap before GC invocations=57 (full 16):
 PSYoungGen      total 613888K, used 527360K [0x00000000d5580000, 0x0000000100000000, 0x0000000100000000)
  eden space 527360K, 100% used [0x00000000d5580000,0x00000000f5880000,0x00000000f5880000)
  from space 86528K, 0% used [0x00000000fab80000,0x00000000fab80000,0x0000000100000000)
  to   space 84992K, 0% used [0x00000000f5880000,0x00000000f5880000,0x00000000fab80000)
 ParOldGen       total 398848K, used 58287K [0x0000000080000000, 0x0000000098580000, 0x00000000d5580000)
  object space 398848K, 14% used [0x0000000080000000,0x00000000838ebc78,0x0000000098580000)
 Metaspace       used 90564K, capacity 95006K, committed 96384K, reserved 1134592K
  class space    used 11051K, capacity 11614K, committed 12160K, reserved 1048576K
Event: 5939.988 GC heap after
Heap after GC invocations=57 (full 16):
 PSYoungGen      total 583168K, used 55474K [0x00000000d5580000, 0x0000000100000000, 0x0000000100000000)
  eden space 527360K, 0% used [0x00000000d5580000,0x00000000d5580000,0x00000000f5880000)
  from space 55808K, 99% used [0x00000000f5880000,0x00000000f8eac8d0,0x00000000f8f00000)
  to   space 90624K, 0% used [0x00000000fa780000,0x00000000fa780000,0x0000000100000000)
 ParOldGen       total 398848K, used 58295K [0x0000000080000000, 0x0000000098580000, 0x00000000d5580000)
  object space 398848K, 14% used [0x0000000080000000,0x00000000838edc78,0x0000000098580000)
 Metaspace       used 90564K, capacity 95006K, committed 96384K, reserved 1134592K
  class space    used 11051K, capacity 11614K, committed 12160K, reserved 1048576K
}
Event: 5940.312 GC heap before
{Heap before GC invocations=58 (full 16):
 PSYoungGen      total 583168K, used 150474K [0x00000000d5580000, 0x0000000100000000, 0x0000000100000000)
  eden space 527360K, 18% used [0x00000000d5580000,0x00000000db2462d0,0x00000000f5880000)
  from space 55808K, 99% used [0x00000000f5880000,0x00000000f8eac8d0,0x00000000f8f00000)
  to   space 90624K, 0% used [0x00000000fa780000,0x00000000fa780000,0x0000000100000000)
 ParOldGen       total 398848K, used 58295K [0x0000000080000000, 0x0000000098580000, 0x00000000d5580000)
  object space 398848K, 14% used [0x0000000080000000,0x00000000838edc78,0x0000000098580000)
 Metaspace       used 90570K, capacity 95006K, committed 96384K, reserved 1134592K
  class space    used 11052K, capacity 11614K, committed 12160K, reserved 1048576K
Event: 5940.317 GC heap after
Heap after GC invocations=58 (full 16):
 PSYoungGen      total 610304K, used 992K [0x00000000d5580000, 0x0000000100000000, 0x0000000100000000)
  eden space 519680K, 0% used [0x00000000d5580000,0x00000000d5580000,0x00000000f5100000)
  from space 90624K, 1% used [0x00000000fa780000,0x00000000fa878020,0x0000000100000000)
  to   space 88576K, 0% used [0x00000000f5100000,0x00000000f5100000,0x00000000fa780000)
 ParOldGen       total 398848K, used 58295K [0x0000000080000000, 0x0000000098580000, 0x00000000d5580000)
  object space 398848K, 14% used [0x0000000080000000,0x00000000838edc78,0x0000000098580000)
 Metaspace       used 90570K, capacity 95006K, committed 96384K, reserved 1134592K
  class space    used 11052K, capacity 11614K, committed 12160K, reserved 1048576K
}
Event: 5940.317 GC heap before
{Heap before GC invocations=59 (full 17):
 PSYoungGen      total 610304K, used 992K [0x00000000d5580000, 0x0000000100000000, 0x0000000100000000)
  eden space 519680K, 0% used [0x00000000d5580000,0x00000000d5580000,0x00000000f5100000)
  from space 90624K, 1% used [0x00000000fa780000,0x00000000fa878020,0x0000000100000000)
  to   space 88576K, 0% used [0x00000000f5100000,0x00000000f5100000,0x00000000fa780000)
 ParOldGen       total 398848K, used 58295K [0x0000000080000000, 0x0000000098580000, 0x00000000d5580000)
  object space 398848K, 14% used [0x0000000080000000,0x00000000838edc78,0x0000000098580000)
 Metaspace       used 90570K, capacity 95006K, committed 96384K, reserved 1134592K
  class space    used 11052K, capacity 11614K, committed 12160K, reserved 1048576K
Event: 5940.711 GC heap after
Heap after GC invocations=59 (full 17):
 PSYoungGen      total 610304K, used 0K [0x00000000d5580000, 0x0000000100000000, 0x0000000100000000)
  eden space 519680K, 0% used [0x00000000d5580000,0x00000000d5580000,0x00000000f5100000)
  from space 90624K, 0% used [0x00000000fa780000,0x00000000fa780000,0x0000000100000000)
  to   space 88576K, 0% used [0x00000000f5100000,0x00000000f5100000,0x00000000fa780000)
 ParOldGen       total 398848K, used 58592K [0x0000000080000000, 0x0000000098580000, 0x00000000d5580000)
  object space 398848K, 14% used [0x0000000080000000,0x0000000083938048,0x0000000098580000)
 Metaspace       used 90570K, capacity 95006K, committed 96384K, reserved 1134592K
  class space    used 11052K, capacity 11614K, committed 12160K, reserved 1048576K
}
Event: 6310.528 GC heap before
{Heap before GC invocations=60 (full 17):
 PSYoungGen      total 610304K, used 519680K [0x00000000d5580000, 0x0000000100000000, 0x0000000100000000)
  eden space 519680K, 100% used [0x00000000d5580000,0x00000000f5100000,0x00000000f5100000)
  from space 90624K, 0% used [0x00000000fa780000,0x00000000fa780000,0x0000000100000000)
  to   space 88576K, 0% used [0x00000000f5100000,0x00000000f5100000,0x00000000fa780000)
 ParOldGen       total 398848K, used 58592K [0x0000000080000000, 0x0000000098580000, 0x00000000d5580000)
  object space 398848K, 14% used [0x0000000080000000,0x0000000083938048,0x0000000098580000)
 Metaspace       used 90963K, capacity 95506K, committed 96896K, reserved 1134592K
  class space    used 11084K, capacity 11664K, committed 12160K, reserved 1048576K
Event: 6310.574 GC heap after
Heap after GC invocations=60 (full 17):
 PSYoungGen      total 608256K, used 46275K [0x00000000d5580000, 0x0000000100000000, 0x0000000100000000)
  eden space 519680K, 0% used [0x00000000d5580000,0x00000000d5580000,0x00000000f5100000)
  from space 88576K, 52% used [0x00000000f5100000,0x00000000f7e30d90,0x00000000fa780000)
  to   space 90112K, 0% used [0x00000000fa800000,0x00000000fa800000,0x0000000100000000)
 ParOldGen       total 398848K, used 58600K [0x0000000080000000, 0x0000000098580000, 0x00000000d5580000)
  object space 398848K, 14% used [0x0000000080000000,0x000000008393a048,0x0000000098580000)
 Metaspace       used 90963K, capacity 95506K, committed 96896K, reserved 1134592K
  class space    used 11084K, capacity 11664K, committed 12160K, reserved 1048576K
}

